<?xml version="1.0" encoding="UTF-8"?>
<!-- Generated by org.testng.reporters.JUnitReportReporter -->
<testsuite hostname="LAPTOP-5KMFOFH9" failures="0" tests="1" name="com.WebElementScenariosUsingTestNG.RedbusDropdown" time="4.463" errors="0" timestamp="2024-10-17T14:31:19 IST" skipped="0">
  <testcase classname="com.WebElementScenariosUsingTestNG.RedbusDropdown" name="testDropdown" time="4.463"/>
  <system-out/>
</testsuite> <!-- com.WebElementScenariosUsingTestNG.RedbusDropdown -->
