<?xml version="1.0" encoding="UTF-8"?>
<!-- Generated by org.testng.reporters.JUnitReportReporter -->
<testsuite hostname="LAPTOP-5KMFOFH9" failures="0" tests="1" name="testApi.AuthenticationTest" time="4.509" errors="0" timestamp="2024-10-23T17:17:45 IST" skipped="0">
  <testcase classname="testApi.AuthenticationTest" name="BearerToken" time="4.509"/>
  <system-out/>
</testsuite> <!-- testApi.AuthenticationTest -->
