<?xml version="1.0" encoding="UTF-8"?>
<!-- Generated by org.testng.reporters.JUnitReportReporter -->
<testsuite hostname="LAPTOP-5KMFOFH9" failures="0" tests="1" name="testApi.Serialization_Deserialization" time="0.321" errors="0" timestamp="2024-10-23T17:08:43 IST" skipped="0">
  <testcase classname="testApi.Serialization_Deserialization" name="jsonToPojo" time="0.321"/>
  <system-out/>
</testsuite> <!-- testApi.Serialization_Deserialization -->
