<?xml version="1.0" encoding="UTF-8"?>
<!-- Generated by org.testng.reporters.JUnitReportReporter -->
<testsuite hostname="LAPTOP-5KMFOFH9" failures="0" tests="1" name="com.SeleniumWait.DynamicLoadingWaitScenarioUsingWebDriverWait" time="14.001" errors="0" timestamp="2024-10-18T10:11:34 IST" skipped="0">
  <testcase classname="com.SeleniumWait.DynamicLoadingWaitScenarioUsingWebDriverWait" name="testWait" time="14.001"/>
  <system-out/>
</testsuite> <!-- com.SeleniumWait.DynamicLoadingWaitScenarioUsingWebDriverWait -->
