<?xml version="1.0" encoding="UTF-8"?>
<!-- Generated by org.testng.reporters.JUnitReportReporter -->
<testsuite hostname="LAPTOP-5KMFOFH9" failures="0" tests="1" name="com.WebElementScenariosUsingTestNG.MultipleWindowHandling" time="17.336" errors="0" timestamp="2024-10-17T15:05:06 IST" skipped="0">
  <testcase classname="com.WebElementScenariosUsingTestNG.MultipleWindowHandling" name="testMultipleWindows" time="17.336"/>
  <system-out/>
</testsuite> <!-- com.WebElementScenariosUsingTestNG.MultipleWindowHandling -->
