<?xml version="1.0" encoding="UTF-8"?>
<!-- Generated by org.testng.reporters.JUnitReportReporter -->
<testsuite hostname="LAPTOP-5KMFOFH9" failures="0" tests="3" name="com.TestNGFrameworkAnnotations.AnnotationTest1" time="0.010" errors="0" timestamp="2024-10-18T11:43:50 IST" skipped="0">
  <testcase classname="com.TestNGFrameworkAnnotations.AnnotationTest1" name="registerTest" time="0.007"/>
  <system-out/>
  <testcase classname="com.TestNGFrameworkAnnotations.AnnotationTest1" name="loginTest" time="0.002"/>
  <system-out/>
  <testcase classname="com.TestNGFrameworkAnnotations.AnnotationTest1" name="searchProductTest" time="0.001"/>
  <system-out/>
</testsuite> <!-- com.TestNGFrameworkAnnotations.AnnotationTest1 -->
