<?xml version="1.0" encoding="UTF-8"?>
<!-- Generated by org.testng.reporters.JUnitReportReporter -->
<testsuite hostname="LAPTOP-5KMFOFH9" failures="0" tests="1" name="com.WebElementScenariosUsingTestNG.FacebookDropdown" time="4.687" errors="0" timestamp="2024-10-17T14:21:21 IST" skipped="0">
  <testcase classname="com.WebElementScenariosUsingTestNG.FacebookDropdown" name="testDropdown" time="4.687"/>
  <system-out/>
</testsuite> <!-- com.WebElementScenariosUsingTestNG.FacebookDropdown -->
