<?xml version="1.0" encoding="UTF-8"?>
<!-- Generated by org.testng.reporters.JUnitReportReporter -->
<testsuite hostname="LAPTOP-5KMFOFH9" failures="0" tests="1" name="com.TestData_ConfigDataReding.DataReadingFromXML" time="8.408" errors="0" timestamp="2024-10-18T14:04:27 IST" skipped="0">
  <testcase classname="com.TestData_ConfigDataReding.DataReadingFromXML" name="testCase" time="8.408"/>
  <system-out/>
</testsuite> <!-- com.TestData_ConfigDataReding.DataReadingFromXML -->
