<?xml version="1.0" encoding="UTF-8"?>
<!-- Generated by org.testng.reporters.JUnitReportReporter -->
<testsuite hostname="LAPTOP-5KMFOFH9" failures="0" tests="1" name="com.DataDrivenTest.DataReadingFromExcelFile" time="0.759" errors="0" timestamp="2024-10-18T15:15:53 IST" skipped="0">
  <testcase classname="com.DataDrivenTest.DataReadingFromExcelFile" name="dataReading" time="0.759"/>
  <system-out/>
</testsuite> <!-- com.DataDrivenTest.DataReadingFromExcelFile -->
