<?xml version="1.0" encoding="UTF-8"?>
<!-- Generated by org.testng.reporters.JUnitReportReporter -->
<testsuite hostname="LAPTOP-5KMFOFH9" failures="0" tests="1" name="testApi.Put_DeleteRequest" time="2.455" errors="0" timestamp="2024-10-23T16:23:21 IST" skipped="0">
  <testcase classname="testApi.Put_DeleteRequest" name="deleteREquest" time="2.455"/>
  <system-out/>
</testsuite> <!-- testApi.Put_DeleteRequest -->
