<?xml version="1.0" encoding="UTF-8"?>
<!-- Generated by org.testng.reporters.JUnitReportReporter -->
<testsuite hostname="LAPTOP-5KMFOFH9" failures="0" tests="1" name="com.TestngFramework.ListenerTest.ExtentReportDemo" time="0.605" errors="0" timestamp="2024-10-21T16:17:55 IST" skipped="0">
  <testcase classname="com.TestngFramework.ListenerTest.ExtentReportDemo" name="testReport" time="0.605"/>
  <system-out/>
</testsuite> <!-- com.TestngFramework.ListenerTest.ExtentReportDemo -->
