<?xml version="1.0" encoding="UTF-8"?>
<!-- Generated by org.testng.reporters.JUnitReportReporter -->
<testsuite hostname="LAPTOP-5KMFOFH9" failures="0" tests="1" name="testApi.Cookies_Headervalidation" time="1.996" errors="0" timestamp="2024-10-23T16:58:50 IST" skipped="0">
  <testcase classname="testApi.Cookies_Headervalidation" name="testHeader" time="1.996"/>
  <system-out/>
</testsuite> <!-- testApi.Cookies_Headervalidation -->
