<?xml version="1.0" encoding="UTF-8"?>
<!-- Generated by org.testng.reporters.JUnitReportReporter -->
<testsuite hostname="LAPTOP-5KMFOFH9" failures="0" tests="1" name="com.WebElementScenariosUsingTestNG.FrameHandling" time="5.911" errors="0" timestamp="2024-10-17T16:13:46 IST" skipped="0">
  <testcase classname="com.WebElementScenariosUsingTestNG.FrameHandling" name="testFrame" time="5.911"/>
  <system-out/>
</testsuite> <!-- com.WebElementScenariosUsingTestNG.FrameHandling -->
