<?xml version="1.0" encoding="UTF-8"?>
<!-- Generated by org.testng.reporters.JUnitReportReporter -->
<testsuite hostname="LAPTOP-5KMFOFH9" failures="0" tests="1" name="com.WebElementScenariosUsingTestNG.MouseInteraction" time="4.244" errors="0" timestamp="2024-10-17T17:00:56 IST" skipped="0">
  <testcase classname="com.WebElementScenariosUsingTestNG.MouseInteraction" name="sliderTest" time="4.244"/>
  <system-out/>
</testsuite> <!-- com.WebElementScenariosUsingTestNG.MouseInteraction -->
