<?xml version="1.0" encoding="UTF-8"?>
<!-- Generated by org.testng.reporters.JUnitReportReporter -->
<testsuite hostname="LAPTOP-5KMFOFH9" failures="0" tests="4" name="com.DataDrivenTest.DataDrivenTest1" time="0.010" errors="0" timestamp="2024-10-18T14:44:01 IST" skipped="0">
  <testcase classname="com.DataDrivenTest.DataDrivenTest1" name="testCase" time="0.000"/>
  <system-out/>
  <testcase classname="com.DataDrivenTest.DataDrivenTest1" name="testCase" time="0.009"/>
  <system-out/>
  <testcase classname="com.DataDrivenTest.DataDrivenTest1" name="testCase" time="0.001"/>
  <system-out/>
  <testcase classname="com.DataDrivenTest.DataDrivenTest1" name="testCase" time="0.000"/>
  <system-out/>
</testsuite> <!-- com.DataDrivenTest.DataDrivenTest1 -->
