<?xml version="1.0" encoding="UTF-8"?>
<!-- Generated by org.testng.reporters.JUnitReportReporter -->
<testsuite hostname="LAPTOP-5KMFOFH9" failures="0" tests="1" name="testApi.PathQueryParam" time="1.920" errors="0" timestamp="2024-10-23T16:49:57 IST" skipped="0">
  <testcase classname="testApi.PathQueryParam" name="pathQueryTest" time="1.920"/>
  <system-out/>
</testsuite> <!-- testApi.PathQueryParam -->
