<?xml version="1.0" encoding="UTF-8"?>
<!-- Generated by org.testng.reporters.JUnitReportReporter -->
<testsuite hostname="LAPTOP-5KMFOFH9" failures="0" tests="1" name="com.TestData_ConfigDataReding.ReadingDataFromPropertiesFile" time="0.016" errors="0" timestamp="2024-10-18T14:15:24 IST" skipped="0">
  <testcase classname="com.TestData_ConfigDataReding.ReadingDataFromPropertiesFile" name="dataReadingTest" time="0.016"/>
  <system-out/>
</testsuite> <!-- com.TestData_ConfigDataReding.ReadingDataFromPropertiesFile -->
