<?xml version="1.0" encoding="UTF-8"?>
<!-- Generated by org.testng.reporters.JUnitReportReporter -->
<testsuite hostname="LAPTOP-5KMFOFH9" failures="0" tests="4" name="com.SwagLabs.TestCases.InventoryPageTest" time="0.349" errors="0" timestamp="2024-10-18T17:03:20 IST" skipped="0">
  <testcase classname="com.SwagLabs.TestCases.InventoryPageTest" name="validateProductCount" time="0.018"/>
  <system-out/>
  <testcase classname="com.SwagLabs.TestCases.InventoryPageTest" name="validateProductDetails" time="0.093"/>
  <system-out/>
  <testcase classname="com.SwagLabs.TestCases.InventoryPageTest" name="validateAddToCart" time="0.179"/>
  <system-out/>
  <testcase classname="com.SwagLabs.TestCases.InventoryPageTest" name="validateGetCartPageAccess" time="0.059"/>
  <system-out/>
</testsuite> <!-- com.SwagLabs.TestCases.InventoryPageTest -->
