<?xml version="1.0" encoding="UTF-8"?>
<!-- Generated by org.testng.reporters.JUnitReportReporter -->
<testsuite hostname="LAPTOP-5KMFOFH9" failures="0" tests="1" name="com.SeleniumWait.FluentWaitTest" time="10.180" errors="0" timestamp="2024-10-18T10:19:48 IST" skipped="0">
  <testcase classname="com.SeleniumWait.FluentWaitTest" name="testWait" time="10.180"/>
  <system-out/>
</testsuite> <!-- com.SeleniumWait.FluentWaitTest -->
