<?xml version="1.0" encoding="UTF-8"?>
<!-- Generated by org.testng.reporters.JUnitReportReporter -->
<testsuite hostname="LAPTOP-5KMFOFH9" failures="0" tests="4" name="testApi.BookingAPI" time="5.150" errors="0" timestamp="2024-10-23T16:44:39 IST" skipped="2">
  <testcase classname="testApi.BookingAPI" name="generateToken" time="4.063"/>
  <system-out/>
  <testcase classname="testApi.BookingAPI" name="partialUpdate" time="1.087"/>
  <system-out/>
  <testcase classname="testApi.BookingAPI" name="getBookingDetails">
    <skipped/>
  </testcase> <!-- getBookingDetails -->
  <system-out/>
  <testcase classname="testApi.BookingAPI" name="getId">
    <skipped/>
  </testcase> <!-- getId -->
  <system-out/>
</testsuite> <!-- testApi.BookingAPI -->
