<?xml version="1.0" encoding="UTF-8"?>
<!-- Generated by org.testng.reporters.JUnitReportReporter -->
<testsuite hostname="LAPTOP-5KMFOFH9" failures="0" tests="4" name="com.TestngFramework.TestDemo1" time="0.015" errors="0" timestamp="2024-10-17T17:16:14 IST" skipped="0">
  <testcase classname="com.TestngFramework.TestDemo1" name="registerTest" time="0.012"/>
  <system-out/>
  <testcase classname="com.TestngFramework.TestDemo1" name="loginTest" time="0.001"/>
  <system-out/>
  <testcase classname="com.TestngFramework.TestDemo1" name="searchProductTest" time="0.001"/>
  <system-out/>
  <testcase classname="com.TestngFramework.TestDemo1" name="addToCartTest" time="0.001"/>
  <system-out/>
</testsuite> <!-- com.TestngFramework.TestDemo1 -->
