<?xml version="1.0" encoding="UTF-8"?>
<!-- Generated by org.testng.reporters.JUnitReportReporter -->
<testsuite hostname="LAPTOP-5KMFOFH9" failures="0" tests="1" name="com.DataDrivenTest.TakeScreenshotTest" time="3.337" errors="0" timestamp="2024-10-18T17:09:14 IST" skipped="0">
  <testcase classname="com.DataDrivenTest.TakeScreenshotTest" name="testScreenshot" time="3.337"/>
  <system-out/>
</testsuite> <!-- com.DataDrivenTest.TakeScreenshotTest -->
