<?xml version="1.0" encoding="UTF-8"?>
<!-- Generated by org.testng.reporters.JUnitReportReporter -->
<testsuite hostname="LAPTOP-5KMFOFH9" failures="0" tests="3" name="com.TestNGFrameworkAnnotations.TestCRMApplication" time="2.292" errors="0" timestamp="2024-10-18T11:59:05 IST" skipped="0">
  <testcase classname="com.TestNGFrameworkAnnotations.TestCRMApplication" name="validateSignInLink" time="1.052"/>
  <system-out/>
  <testcase classname="com.TestNGFrameworkAnnotations.TestCRMApplication" name="validateLogin" time="0.790"/>
  <system-out/>
  <testcase classname="com.TestNGFrameworkAnnotations.TestCRMApplication" name="validateSignOut" time="0.450"/>
  <system-out/>
</testsuite> <!-- com.TestNGFrameworkAnnotations.TestCRMApplication -->
