<?xml version="1.0" encoding="UTF-8"?>
<!-- Generated by org.testng.reporters.JUnitReportReporter -->
<testsuite hostname="LAPTOP-5KMFOFH9" failures="0" tests="6" name="com.TestNGFrameworkAnnotations.ClassB" time="0.006" errors="0" timestamp="2024-10-18T12:12:13 IST" skipped="0">
  <testcase classname="com.TestNGFrameworkAnnotations.ClassB" name="testCase3" time="0.000"/>
  <system-out/>
  <testcase classname="com.TestNGFrameworkAnnotations.ClassB" name="testCase4" time="0.001"/>
  <system-out/>
  <testcase classname="com.TestNGFrameworkAnnotations.ClassB" name="testCase3" time="0.001"/>
  <system-out/>
  <testcase classname="com.TestNGFrameworkAnnotations.ClassB" name="testCase4" time="0.002"/>
  <system-out/>
  <testcase classname="com.TestNGFrameworkAnnotations.ClassB" name="testCase4" time="0.001"/>
  <system-out/>
  <testcase classname="com.TestNGFrameworkAnnotations.ClassB" name="testCase3" time="0.001"/>
  <system-out/>
</testsuite> <!-- com.TestNGFrameworkAnnotations.ClassB -->
