<?xml version="1.0" encoding="UTF-8"?>
<!-- Generated by org.testng.reporters.JUnitReportReporter -->
<testsuite hostname="LAPTOP-5KMFOFH9" failures="0" tests="1" name="com.SeleniumWait.ExplicitwaitUsingWebDriverWait" time="5.951" errors="0" timestamp="2024-10-18T10:04:15 IST" skipped="0">
  <testcase classname="com.SeleniumWait.ExplicitwaitUsingWebDriverWait" name="testWait" time="5.951"/>
  <system-out/>
</testsuite> <!-- com.SeleniumWait.ExplicitwaitUsingWebDriverWait -->
