<?xml version="1.0" encoding="UTF-8"?>
<!-- Generated by org.testng.reporters.JUnitReportReporter -->
<testsuite hostname="LAPTOP-5KMFOFH9" failures="0" tests="1" name="testApi.PostRequest" time="3.421" errors="0" timestamp="2024-10-23T16:16:43 IST" skipped="0">
  <testcase classname="testApi.PostRequest" name="postRequestUsingPojo" time="3.421"/>
  <system-out/>
</testsuite> <!-- testApi.PostRequest -->
