<?xml version="1.0" encoding="UTF-8"?>
<!-- Generated by org.testng.reporters.JUnitReportReporter -->
<testsuite hostname="LAPTOP-5KMFOFH9" failures="0" tests="3" name="com.SwagLabs.TestCases.LoginPageTest" time="0.454" errors="0" timestamp="2024-10-18T17:03:20 IST" skipped="0">
  <testcase classname="com.SwagLabs.TestCases.LoginPageTest" name="validateUrl" time="0.021"/>
  <system-out/>
  <testcase classname="com.SwagLabs.TestCases.LoginPageTest" name="validateTitle" time="0.013"/>
  <system-out/>
  <testcase classname="com.SwagLabs.TestCases.LoginPageTest" name="validatLogin" time="0.420"/>
  <system-out/>
</testsuite> <!-- com.SwagLabs.TestCases.LoginPageTest -->
