<?xml version="1.0" encoding="UTF-8"?>
<!-- Generated by org.testng.reporters.JUnitReportReporter -->
<testsuite hostname="LAPTOP-5KMFOFH9" failures="0" tests="1" name="com.TestNGFrameworkAnnotations.AnnotationTest1" time="0.011" errors="0" timestamp="2024-10-21T15:26:29 IST" skipped="0">
  <testcase classname="com.TestNGFrameworkAnnotations.AnnotationTest1" name="loginTest" time="0.011"/>
  <system-out/>
</testsuite> <!-- com.TestNGFrameworkAnnotations.AnnotationTest1 -->
