<?xml version="1.0" encoding="UTF-8"?>
<!-- Generated by org.testng.reporters.JUnitReportReporter -->
<testsuite hostname="LAPTOP-5KMFOFH9" failures="0" tests="1" name="testApi.ApiTestUsingBDD" time="3.242" errors="0" timestamp="2024-10-23T15:46:01 IST" skipped="0">
  <testcase classname="testApi.ApiTestUsingBDD" name="signleUser_GETValidation" time="3.242"/>
  <system-out/>
</testsuite> <!-- testApi.ApiTestUsingBDD -->
