<?xml version="1.0" encoding="UTF-8"?>
<!-- Generated by org.testng.reporters.JUnitReportReporter -->
<testsuite hostname="LAPTOP-5KMFOFH9" failures="0" tests="1" name="com.WebElementScenariosUsingTestNG.AlertHandling" time="5.777" errors="0" timestamp="2024-10-17T15:30:41 IST" skipped="0">
  <testcase classname="com.WebElementScenariosUsingTestNG.AlertHandling" name="basicAuthentication" time="5.777"/>
  <system-out/>
</testsuite> <!-- com.WebElementScenariosUsingTestNG.AlertHandling -->
