<?xml version="1.0" encoding="UTF-8"?>
<!-- Generated by org.testng.reporters.JUnitReportReporter -->
<testsuite hostname="LAPTOP-5KMFOFH9" failures="0" tests="1" name="com.TestngFramework.AssertionDemo" time="0.014" errors="0" timestamp="2024-10-18T11:09:36 IST" skipped="0">
  <testcase classname="com.TestngFramework.AssertionDemo" name="testHardAssertion" time="0.014"/>
  <system-out/>
</testsuite> <!-- com.TestngFramework.AssertionDemo -->
