<?xml version="1.0" encoding="UTF-8"?>
<!-- Generated by org.testng.reporters.JUnitReportReporter -->
<testsuite hostname="LAPTOP-5KMFOFH9" failures="0" tests="4" name="com.SwagLabs.TestCases.CartPageTest" time="4.718" errors="0" timestamp="2024-10-21T16:45:44 IST" skipped="0">
  <testcase classname="com.SwagLabs.TestCases.CartPageTest" name="validateAddedProduct" time="0.031"/>
  <system-out/>
  <testcase classname="com.SwagLabs.TestCases.CartPageTest" name="validateRemove" time="2.079"/>
  <system-out/>
  <testcase classname="com.SwagLabs.TestCases.CartPageTest" name="validateContinueShopping" time="2.485"/>
  <system-out/>
  <testcase classname="com.SwagLabs.TestCases.CartPageTest" name="validateCheckoutPageAccess" time="0.123"/>
  <system-out/>
</testsuite> <!-- com.SwagLabs.TestCases.CartPageTest -->
