<?xml version="1.0" encoding="UTF-8"?>
<!-- Generated by org.testng.reporters.JUnitReportReporter -->
<testsuite hostname="LAPTOP-5KMFOFH9" failures="0" tests="3" name="com.PageObjectUsingPageFactory.NewLoginPageTest" time="1.007" errors="0" timestamp="2024-10-18T12:59:33 IST" skipped="0">
  <testcase classname="com.PageObjectUsingPageFactory.NewLoginPageTest" name="validateUrl" time="0.015"/>
  <system-out/>
  <testcase classname="com.PageObjectUsingPageFactory.NewLoginPageTest" name="validateTitle" time="0.009"/>
  <system-out/>
  <testcase classname="com.PageObjectUsingPageFactory.NewLoginPageTest" name="validateLogin" time="0.983"/>
  <system-out/>
</testsuite> <!-- com.PageObjectUsingPageFactory.NewLoginPageTest -->
