<?xml version="1.0" encoding="UTF-8"?>
<!-- Generated by org.testng.reporters.JUnitReportReporter -->
<testsuite hostname="LAPTOP-5KMFOFH9" failures="0" tests="2" name="com.SwagLabs.TestCases.OverviewPageTest" time="0.369" errors="0" timestamp="2024-10-21T16:45:44 IST" skipped="0">
  <testcase classname="com.SwagLabs.TestCases.OverviewPageTest" name="validateSummary" time="0.138"/>
  <system-out/>
  <testcase classname="com.SwagLabs.TestCases.OverviewPageTest" name="validateOrderCompleteProcess" time="0.231"/>
  <system-out/>
</testsuite> <!-- com.SwagLabs.TestCases.OverviewPageTest -->
