<?xml version="1.0" encoding="UTF-8"?>
<!-- Generated by org.testng.reporters.JUnitReportReporter -->
<testsuite hostname="LAPTOP-5KMFOFH9" failures="0" tests="4" name="com.TestngFramework.TestDemo2_disablescenario" time="0.003" errors="0" timestamp="2024-10-17T17:16:14 IST" skipped="1">
  <testcase classname="com.TestngFramework.TestDemo2_disablescenario" name="registerTest" time="0.001"/>
  <system-out/>
  <testcase classname="com.TestngFramework.TestDemo2_disablescenario" name="loginTest" time="0.001"/>
  <system-out/>
  <testcase classname="com.TestngFramework.TestDemo2_disablescenario" name="searchProductTest" time="0.001"/>
  <system-out/>
  <testcase classname="com.TestngFramework.TestDemo2_disablescenario" name="addToCartTest">
    <skipped/>
  </testcase> <!-- addToCartTest -->
  <system-out/>
</testsuite> <!-- com.TestngFramework.TestDemo2_disablescenario -->
