<?xml version="1.0" encoding="UTF-8"?>
<!-- Generated by org.testng.reporters.JUnitReportReporter -->
<testsuite hostname="LAPTOP-5KMFOFH9" failures="0" tests="2" name="com.PageObjectUsingByLocator.LoginPageTest" time="1.099" errors="0" timestamp="2024-10-18T12:40:24 IST" skipped="0">
  <testcase classname="com.PageObjectUsingByLocator.LoginPageTest" name="validateUrl" time="0.015"/>
  <system-out/>
  <testcase classname="com.PageObjectUsingByLocator.LoginPageTest" name="validateLogin" time="1.084"/>
  <system-out/>
</testsuite> <!-- com.PageObjectUsingByLocator.LoginPageTest -->
