<?xml version="1.0" encoding="UTF-8"?>
<!-- Generated by org.testng.reporters.JUnitReportReporter -->
<testsuite hostname="LAPTOP-5KMFOFH9" failures="0" tests="1" name="testApi.APIRequestWithoutBDD" time="2.455" errors="0" timestamp="2024-10-23T15:35:18 IST" skipped="0">
  <testcase classname="testApi.APIRequestWithoutBDD" name="listOfUsers" time="2.455"/>
  <system-out/>
</testsuite> <!-- testApi.APIRequestWithoutBDD -->
