<?xml version="1.0" encoding="UTF-8"?>
<!-- Generated by org.testng.reporters.JUnitReportReporter -->
<testsuite hostname="LAPTOP-5KMFOFH9" failures="0" tests="1" name="com.SeleniumWait.JavaScriptExecutorDemo" time="6.296" errors="0" timestamp="2024-10-18T10:50:14 IST" skipped="0">
  <testcase classname="com.SeleniumWait.JavaScriptExecutorDemo" name="testJavaScriptFunctions" time="6.296"/>
  <system-out/>
</testsuite> <!-- com.SeleniumWait.JavaScriptExecutorDemo -->
